2024-11-28 15:37:13 - root - INFO - Logging system initialized.
2024-11-28 15:38:38 - hydra.core.utils - DEBUG - Setting JobRuntime:name=UNKNOWN_NAME
2024-11-28 15:38:38 - hydra.core.utils - DEBUG - Setting JobRuntime:name=load_config
2024-11-28 15:38:38 - root - ERROR - Validation of the data configuration failed at:
1 validation error for TrainerConfig
standardized_x_test
  Field required [type=missing, input_value={'experiment_name': 'SVC_...rain_phase/src/metrics'}, input_type=dict]
    For further information visit https://errors.pydantic.dev/2.10/v/missing
2024-11-28 15:39:56 - root - INFO - Logging system initialized.
2024-11-28 15:39:58 - hydra.core.utils - DEBUG - Setting JobRuntime:name=UNKNOWN_NAME
2024-11-28 15:39:58 - hydra.core.utils - DEBUG - Setting JobRuntime:name=load_config
2024-11-28 15:39:58 - root - INFO - Data Pipeline configuration was successfully loaded and validated
2024-11-28 15:45:37 - root - INFO - Logging system initialized.
2024-11-28 15:45:38 - hydra.core.utils - DEBUG - Setting JobRuntime:name=UNKNOWN_NAME
2024-11-28 15:45:38 - hydra.core.utils - DEBUG - Setting JobRuntime:name=load_config
2024-11-28 15:45:38 - root - INFO - Data Pipeline configuration was successfully loaded and validated
2024-11-28 15:47:06 - root - INFO - Logging system initialized.
2024-11-28 15:47:06 - hydra.core.utils - DEBUG - Setting JobRuntime:name=UNKNOWN_NAME
2024-11-28 15:47:06 - hydra.core.utils - DEBUG - Setting JobRuntime:name=load_config
2024-11-28 15:47:06 - root - INFO - Data Pipeline configuration was successfully loaded and validated
2024-11-28 15:51:57 - root - INFO - Logging system initialized.
2024-11-28 15:51:58 - hydra.core.utils - DEBUG - Setting JobRuntime:name=UNKNOWN_NAME
2024-11-28 15:51:58 - hydra.core.utils - DEBUG - Setting JobRuntime:name=load_config
2024-11-28 15:51:58 - root - INFO - Data Pipeline configuration was successfully loaded and validated
2024-11-28 15:56:26 - root - INFO - Logging system initialized.
2024-11-28 15:56:27 - hydra.core.utils - DEBUG - Setting JobRuntime:name=UNKNOWN_NAME
2024-11-28 15:56:27 - hydra.core.utils - DEBUG - Setting JobRuntime:name=load_config
2024-11-28 15:56:27 - root - INFO - Data Pipeline configuration was successfully loaded and validated
2024-11-28 15:58:41 - root - INFO - Logging system initialized.
2024-11-28 15:58:41 - hydra.core.utils - DEBUG - Setting JobRuntime:name=UNKNOWN_NAME
2024-11-28 15:58:41 - hydra.core.utils - DEBUG - Setting JobRuntime:name=load_config
2024-11-28 15:58:41 - root - INFO - Data Pipeline configuration was successfully loaded and validated
2024-11-28 16:01:44 - root - INFO - Logging system initialized.
2024-11-28 16:01:44 - hydra.core.utils - DEBUG - Setting JobRuntime:name=UNKNOWN_NAME
2024-11-28 16:01:44 - hydra.core.utils - DEBUG - Setting JobRuntime:name=load_config
2024-11-28 16:01:44 - root - INFO - Data Pipeline configuration was successfully loaded and validated
2024-11-28 16:02:14 - root - INFO - Logging system initialized.
2024-11-28 16:02:14 - hydra.core.utils - DEBUG - Setting JobRuntime:name=UNKNOWN_NAME
2024-11-28 16:02:14 - hydra.core.utils - DEBUG - Setting JobRuntime:name=load_config
2024-11-28 16:02:14 - root - INFO - Data Pipeline configuration was successfully loaded and validated
2024-11-28 16:06:10 - hydra.core.utils - DEBUG - Setting JobRuntime:name=load_config
2024-11-28 16:06:10 - root - INFO - Data Pipeline configuration was successfully loaded and validated
2024-11-28 16:06:27 - root - INFO - Staring the Trainer...
2024-11-28 16:06:27 - root - INFO - Test and train sets loaded and experiment ID created
2024-11-28 16:06:27 - root - INFO - Starting the tracking with MLflow...
2024-11-28 16:06:27 - git.cmd - DEBUG - Popen(['git', 'version'], cwd=/home/tensorboard/PycharmProjects/mobile_usage_detection, stdin=None, shell=False, universal_newlines=False)
2024-11-28 16:06:27 - git.cmd - DEBUG - Popen(['git', 'version'], cwd=/home/tensorboard/PycharmProjects/mobile_usage_detection, stdin=None, shell=False, universal_newlines=False)
2024-11-28 16:06:27 - root - INFO - Training model...
2024-11-28 16:06:27 - root - ERROR - Trainer failure at y should be a 1d array, got an array of shape (175, 9) instead.
2024-11-28 16:08:28 - root - INFO - Logging system initialized.
2024-11-28 16:08:28 - hydra.core.utils - DEBUG - Setting JobRuntime:name=UNKNOWN_NAME
2024-11-28 16:08:28 - hydra.core.utils - DEBUG - Setting JobRuntime:name=load_config
2024-11-28 16:08:28 - root - INFO - Data Pipeline configuration was successfully loaded and validated
2024-11-28 16:08:36 - hydra.core.utils - DEBUG - Setting JobRuntime:name=load_config
2024-11-28 16:08:36 - root - INFO - Data Pipeline configuration was successfully loaded and validated
2024-11-28 16:08:37 - root - INFO - Staring the Trainer...
2024-11-28 16:08:37 - root - INFO - Test and train sets loaded and experiment ID created
2024-11-28 16:08:37 - root - INFO - Starting the tracking with MLflow...
2024-11-28 16:08:37 - git.cmd - DEBUG - Popen(['git', 'version'], cwd=/home/tensorboard/PycharmProjects/mobile_usage_detection, stdin=None, shell=False, universal_newlines=False)
2024-11-28 16:08:37 - git.cmd - DEBUG - Popen(['git', 'version'], cwd=/home/tensorboard/PycharmProjects/mobile_usage_detection, stdin=None, shell=False, universal_newlines=False)
2024-11-28 16:08:37 - root - INFO - Training model...
2024-11-28 16:08:37 - root - ERROR - Trainer failure at Invalid value "dict_keys(['model_class'])" for parameter 'key' supplied: Names may only contain alphanumerics, underscores (_), dashes (-), periods (.), spaces ( ), colon(:) and slashes (/).

The cause of this error is typically due to repeated calls
to an individual run_id event logging.

Incorrect Example:
---------------------------------------
with mlflow.start_run():
    mlflow.log_param("depth", 3)
    mlflow.log_param("depth", 5)
---------------------------------------

Which will throw an MlflowException for overwriting a
logged parameter.

Correct Example:
---------------------------------------
with mlflow.start_run():
    with mlflow.start_run(nested=True):
        mlflow.log_param("depth", 3)
    with mlflow.start_run(nested=True):
        mlflow.log_param("depth", 5)
---------------------------------------

Which will create a new nested run for each individual
model and prevent parameter key collisions within the
tracking store.
2024-11-28 16:12:27 - root - INFO - Logging system initialized.
2024-11-28 16:12:27 - hydra.core.utils - DEBUG - Setting JobRuntime:name=UNKNOWN_NAME
2024-11-28 16:12:27 - hydra.core.utils - DEBUG - Setting JobRuntime:name=load_config
2024-11-28 16:12:27 - root - INFO - Data Pipeline configuration was successfully loaded and validated
2024-11-28 16:12:33 - hydra.core.utils - DEBUG - Setting JobRuntime:name=load_config
2024-11-28 16:12:33 - root - INFO - Data Pipeline configuration was successfully loaded and validated
2024-11-28 16:12:34 - root - INFO - Staring the Trainer...
2024-11-28 16:12:34 - root - INFO - Test and train sets loaded and experiment ID created
2024-11-28 16:12:34 - root - INFO - Starting the tracking with MLflow...
2024-11-28 16:12:34 - git.cmd - DEBUG - Popen(['git', 'version'], cwd=/home/tensorboard/PycharmProjects/mobile_usage_detection, stdin=None, shell=False, universal_newlines=False)
2024-11-28 16:12:34 - git.cmd - DEBUG - Popen(['git', 'version'], cwd=/home/tensorboard/PycharmProjects/mobile_usage_detection, stdin=None, shell=False, universal_newlines=False)
2024-11-28 16:12:34 - root - INFO - Training model...
2024-11-28 16:12:34 - root - INFO - The paramters saved are:
{'model_class': 'SVC', 'SVC_BayesianCV__C': 891.6698683666216, 'SVC_BayesianCV__break_ties': False, 'SVC_BayesianCV__cache_size': 200, 'SVC_BayesianCV__class_weight': None, 'SVC_BayesianCV__coef0': 0.0, 'SVC_BayesianCV__decision_function_shape': 'ovr', 'SVC_BayesianCV__degree': 5, 'SVC_BayesianCV__gamma': 0.0048811251588164635, 'SVC_BayesianCV__kernel': 'linear', 'SVC_BayesianCV__max_iter': -1, 'SVC_BayesianCV__probability': False, 'SVC_BayesianCV__random_state': None, 'SVC_BayesianCV__shrinking': True, 'SVC_BayesianCV__tol': 0.001, 'SVC_BayesianCV__verbose': False}
2024-11-28 16:12:34 - root - INFO - Model trained and parameters saved.
2024-11-28 16:12:34 - root - INFO - Evaluating model..
2024-11-28 16:12:34 - root - INFO - Model Evaluated and train and test metrics tracked and saved
2024-11-28 16:12:34 - root - INFO - Train and test completed.
